Using pre-set license
Built from '2020.2/release' branch; Version is '2020.2.2f1 (068178b99f32) revision 426360'; Using compiler version '192528614'; Build Type 'Release'
OS: 'Windows 10 Home; OS build 19041.867; Version 2004; 64bit' Language: 'en' Physical Memory: 7068 MB
BatchMode: 1, IsHumanControllingUs: 0, StartBugReporterOnCrash: 0, Is64bit: 1, IsPro: 0

 COMMAND LINE ARGUMENTS:
C:\Program Files\Unity\Hub\Editor\2020.2.2f1\Editor\Unity.exe
-adb2
-batchMode
-noUpm
-name
AssetImportWorker0
-projectPath
C:/Users/Stephane/Documents/GitHub/FluidSim
-logFile
Logs/AssetImportWorker0.log
-srvPort
49866
Successfully changed project path to: C:/Users/Stephane/Documents/GitHub/FluidSim
C:/Users/Stephane/Documents/GitHub/FluidSim
Using Asset Import Pipeline V2.
Refreshing native plugins compatible for Editor in 39.69 ms, found 9 plugins.
Preloading 0 native plugins for Editor in 0.00 ms.
Initialize engine version: 2020.2.2f1 (068178b99f32)
[Subsystems] Discovering subsystems at path C:/Program Files/Unity/Hub/Editor/2020.2.2f1/Editor/Data/Resources/UnitySubsystems
[Subsystems] Discovering subsystems at path C:/Users/Stephane/Documents/GitHub/FluidSim/Assets
GfxDevice: creating device client; threaded=0
Direct3D:
    Version:  Direct3D 11.0 [level 11.1]
    Renderer: AMD Radeon(TM) RX Vega 10 Graphics (ID=0x15dd)
    Vendor:   
    VRAM:     3534 MB
    Driver:   23.20.840.0
Initialize mono
Mono path[0] = 'C:/Program Files/Unity/Hub/Editor/2020.2.2f1/Editor/Data/Managed'
Mono path[1] = 'C:/Program Files/Unity/Hub/Editor/2020.2.2f1/Editor/Data/MonoBleedingEdge/lib/mono/unityjit'
Mono config path = 'C:/Program Files/Unity/Hub/Editor/2020.2.2f1/Editor/Data/MonoBleedingEdge/etc'
Using monoOptions --debugger-agent=transport=dt_socket,embedding=1,server=y,suspend=n,address=127.0.0.1:56404
Begin MonoManager ReloadAssembly
Registering precompiled unity dll's ...
Register platform support module: C:/Program Files/Unity/Hub/Editor/2020.2.2f1/Editor/Data/PlaybackEngines/WindowsStandaloneSupport/UnityEditor.WindowsStandalone.Extensions.dll
Registered in 0.005341 seconds.
Native extension for WindowsStandalone target not found
Refreshing native plugins compatible for Editor in 35.80 ms, found 9 plugins.
Preloading 0 native plugins for Editor in 0.00 ms.
Invoked RoslynAnalysisRunner static constructor.
RoslynAnalysisRunner will not be running.
RoslynAnalysisRunner has terminated.
Mono: successfully reloaded assembly
- Completed reload, in  7.893 seconds
Platform modules already initialized, skipping
Registering precompiled user dll's ...
Registered in 0.006126 seconds.
Begin MonoManager ReloadAssembly
Native extension for WindowsStandalone target not found
Refreshing native plugins compatible for Editor in 0.58 ms, found 9 plugins.
Preloading 0 native plugins for Editor in 0.00 ms.
Invoked RoslynAnalysisRunner static constructor.
RoslynAnalysisRunner will not be running.
RoslynAnalysisRunner has terminated.
Mono: successfully reloaded assembly
- Completed reload, in  1.757 seconds
Platform modules already initialized, skipping
========================================================================
Worker process is ready to serve import requests
Launched and connected shader compiler UnityShaderCompiler.exe after 0.09 seconds
Refreshing native plugins compatible for Editor in 0.51 ms, found 9 plugins.
Preloading 0 native plugins for Editor in 0.00 ms.
Unloading 1170 Unused Serialized files (Serialized files now loaded: 0)
System memory in use before: 74.9 MB.
System memory in use after: 75.0 MB.

Unloading 19 unused Assets to reduce memory usage. Loaded Objects now: 1618.
Total: 3.624700 ms (FindLiveObjects: 0.438500 ms CreateObjectMapping: 0.164800 ms MarkObjects: 2.851700 ms  DeleteObjects: 0.167800 ms)

========================================================================
Received Import Request.
  path: Assets/Materials/shad1.shader
  artifactKey: Guid(1fe0c9f0724874d428666fe08f4dfa39) Importer(815301076,1909f56bfc062723c751e8b465ee728b)
Start importing Assets/Materials/shad1.shader using Guid(1fe0c9f0724874d428666fe08f4dfa39) Importer(815301076,1909f56bfc062723c751e8b465ee728b)  -> (artifact id: 'f80f3580c9ca1d80bbfda24e791db9df') in 0.064322 seconds
  Import took 0.067764 seconds .

========================================================================
Received Import Request.
  Time since last request: 89.312340 seconds.
  path: Assets/Materials/shad1.shader
  artifactKey: Guid(1fe0c9f0724874d428666fe08f4dfa39) Importer(815301076,1909f56bfc062723c751e8b465ee728b)
Start importing Assets/Materials/shad1.shader using Guid(1fe0c9f0724874d428666fe08f4dfa39) Importer(815301076,1909f56bfc062723c751e8b465ee728b)  -> (artifact id: 'da4284f7ab058a0e50692ae38794138c') in 0.006057 seconds
  Import took 0.010313 seconds .

========================================================================
Received Import Request.
  Time since last request: 174.641142 seconds.
  path: Assets/Materials/shad1.shader
  artifactKey: Guid(1fe0c9f0724874d428666fe08f4dfa39) Importer(815301076,1909f56bfc062723c751e8b465ee728b)
Start importing Assets/Materials/shad1.shader using Guid(1fe0c9f0724874d428666fe08f4dfa39) Importer(815301076,1909f56bfc062723c751e8b465ee728b)  -> (artifact id: '1bd3774faa5acc987de0abc0fb32aa68') in 0.007577 seconds
  Import took 0.033120 seconds .

========================================================================
Received Import Request.
  Time since last request: 467.984281 seconds.
  path: Assets/Materials/shad1.shader
  artifactKey: Guid(1fe0c9f0724874d428666fe08f4dfa39) Importer(815301076,1909f56bfc062723c751e8b465ee728b)
Start importing Assets/Materials/shad1.shader using Guid(1fe0c9f0724874d428666fe08f4dfa39) Importer(815301076,1909f56bfc062723c751e8b465ee728b)  -> (artifact id: '4d59ed67d18d425a76c509374c759a47') in 0.005816 seconds
  Import took 0.011410 seconds .

========================================================================
Received Import Request.
  Time since last request: 78.441314 seconds.
  path: Assets/Materials/shad1.shader
  artifactKey: Guid(1fe0c9f0724874d428666fe08f4dfa39) Importer(815301076,1909f56bfc062723c751e8b465ee728b)
Start importing Assets/Materials/shad1.shader using Guid(1fe0c9f0724874d428666fe08f4dfa39) Importer(815301076,1909f56bfc062723c751e8b465ee728b)  -> (artifact id: 'c9fca6fd72ff28067f0f0eca35d0cee6') in 0.006812 seconds
  Import took 0.010517 seconds .

========================================================================
Received Import Request.
  Time since last request: 43.646253 seconds.
  path: Assets/Materials/shad1.shader
  artifactKey: Guid(1fe0c9f0724874d428666fe08f4dfa39) Importer(815301076,1909f56bfc062723c751e8b465ee728b)
Start importing Assets/Materials/shad1.shader using Guid(1fe0c9f0724874d428666fe08f4dfa39) Importer(815301076,1909f56bfc062723c751e8b465ee728b)  -> (artifact id: '4c7fe47a41ded616dcb5490230e3c90d') in 0.006588 seconds
  Import took 0.010230 seconds .

========================================================================
Received Import Request.
  Time since last request: 72.104425 seconds.
  path: Assets/Materials/shad1.shader
  artifactKey: Guid(1fe0c9f0724874d428666fe08f4dfa39) Importer(815301076,1909f56bfc062723c751e8b465ee728b)
Start importing Assets/Materials/shad1.shader using Guid(1fe0c9f0724874d428666fe08f4dfa39) Importer(815301076,1909f56bfc062723c751e8b465ee728b)  -> (artifact id: '54e35722a0c37a9a16f9947af05428b2') in 0.006878 seconds
  Import took 0.010887 seconds .

========================================================================
Received Import Request.
  Time since last request: 5.276141 seconds.
  path: Assets/Materials/shad1.shader
  artifactKey: Guid(1fe0c9f0724874d428666fe08f4dfa39) Importer(815301076,1909f56bfc062723c751e8b465ee728b)
Start importing Assets/Materials/shad1.shader using Guid(1fe0c9f0724874d428666fe08f4dfa39) Importer(815301076,1909f56bfc062723c751e8b465ee728b)  -> (artifact id: 'd688b0535a54af8200ae5532602b47f9') in 0.006387 seconds
  Import took 0.010072 seconds .

========================================================================
Received Import Request.
  Time since last request: 9.693311 seconds.
  path: Assets/Materials/shad1.shader
  artifactKey: Guid(1fe0c9f0724874d428666fe08f4dfa39) Importer(815301076,1909f56bfc062723c751e8b465ee728b)
Start importing Assets/Materials/shad1.shader using Guid(1fe0c9f0724874d428666fe08f4dfa39) Importer(815301076,1909f56bfc062723c751e8b465ee728b)  -> (artifact id: 'a6baff1da34542c9bea7c3da78d60fe5') in 0.005995 seconds
  Import took 0.010596 seconds .

========================================================================
Received Import Request.
  Time since last request: 63.472362 seconds.
  path: Assets/Materials/shad1.shader
  artifactKey: Guid(1fe0c9f0724874d428666fe08f4dfa39) Importer(815301076,1909f56bfc062723c751e8b465ee728b)
Start importing Assets/Materials/shad1.shader using Guid(1fe0c9f0724874d428666fe08f4dfa39) Importer(815301076,1909f56bfc062723c751e8b465ee728b)  -> (artifact id: '853623515a3f1e2639683efd0d4ecc91') in 0.006716 seconds
  Import took 0.011029 seconds .

========================================================================
Received Import Request.
  Time since last request: 7.034632 seconds.
  path: Assets/Materials/shad1.shader
  artifactKey: Guid(1fe0c9f0724874d428666fe08f4dfa39) Importer(815301076,1909f56bfc062723c751e8b465ee728b)
Start importing Assets/Materials/shad1.shader using Guid(1fe0c9f0724874d428666fe08f4dfa39) Importer(815301076,1909f56bfc062723c751e8b465ee728b)  -> (artifact id: '2c7c6bc0542b7c29dedbbd9ad30cedf2') in 0.005947 seconds
  Import took 0.009720 seconds .

========================================================================
Received Import Request.
  Time since last request: 12.762239 seconds.
  path: Assets/Materials/shad1.shader
  artifactKey: Guid(1fe0c9f0724874d428666fe08f4dfa39) Importer(815301076,1909f56bfc062723c751e8b465ee728b)
Start importing Assets/Materials/shad1.shader using Guid(1fe0c9f0724874d428666fe08f4dfa39) Importer(815301076,1909f56bfc062723c751e8b465ee728b)  -> (artifact id: '417134ff49d9194e4b41b9a6b79367f0') in 0.006128 seconds
  Import took 0.011574 seconds .

========================================================================
Received Import Request.
  Time since last request: 237.754001 seconds.
  path: Assets/Materials/shad1.shader
  artifactKey: Guid(1fe0c9f0724874d428666fe08f4dfa39) Importer(815301076,1909f56bfc062723c751e8b465ee728b)
Start importing Assets/Materials/shad1.shader using Guid(1fe0c9f0724874d428666fe08f4dfa39) Importer(815301076,1909f56bfc062723c751e8b465ee728b)  -> (artifact id: '9108c60d49c8396a4ad533044478bb27') in 0.006789 seconds
  Import took 0.010769 seconds .

========================================================================
Received Import Request.
  Time since last request: 108.923834 seconds.
  path: Assets/Materials/shad1.shader
  artifactKey: Guid(1fe0c9f0724874d428666fe08f4dfa39) Importer(815301076,1909f56bfc062723c751e8b465ee728b)
Start importing Assets/Materials/shad1.shader using Guid(1fe0c9f0724874d428666fe08f4dfa39) Importer(815301076,1909f56bfc062723c751e8b465ee728b)  -> (artifact id: '030d890ab11077b554b453b5dd41497d') in 0.005812 seconds
  Import took 0.009508 seconds .

========================================================================
Received Import Request.
  Time since last request: 98.944195 seconds.
  path: Assets/Materials/shad1.shader
  artifactKey: Guid(1fe0c9f0724874d428666fe08f4dfa39) Importer(815301076,1909f56bfc062723c751e8b465ee728b)
Start importing Assets/Materials/shad1.shader using Guid(1fe0c9f0724874d428666fe08f4dfa39) Importer(815301076,1909f56bfc062723c751e8b465ee728b)  -> (artifact id: '29417ae4fc27cf9688c00ba11454dc73') in 0.005775 seconds
  Import took 0.009372 seconds .

========================================================================
Received Import Request.
  Time since last request: 7.750299 seconds.
  path: Assets/Materials/shad1.shader
  artifactKey: Guid(1fe0c9f0724874d428666fe08f4dfa39) Importer(815301076,1909f56bfc062723c751e8b465ee728b)
Start importing Assets/Materials/shad1.shader using Guid(1fe0c9f0724874d428666fe08f4dfa39) Importer(815301076,1909f56bfc062723c751e8b465ee728b)  -> (artifact id: '0424ebdd2ef9e206630730dfe61b3556') in 0.006696 seconds
  Import took 0.010292 seconds .

========================================================================
Received Import Request.
  Time since last request: 27.470699 seconds.
  path: Assets/Materials/shad1.shader
  artifactKey: Guid(1fe0c9f0724874d428666fe08f4dfa39) Importer(815301076,1909f56bfc062723c751e8b465ee728b)
Start importing Assets/Materials/shad1.shader using Guid(1fe0c9f0724874d428666fe08f4dfa39) Importer(815301076,1909f56bfc062723c751e8b465ee728b)  -> (artifact id: '96782cfa4571b9a75c948dbad80b47aa') in 0.006243 seconds
  Import took 0.010045 seconds .

========================================================================
Received Import Request.
  Time since last request: 12.170381 seconds.
  path: Assets/Materials/shad1.shader
  artifactKey: Guid(1fe0c9f0724874d428666fe08f4dfa39) Importer(815301076,1909f56bfc062723c751e8b465ee728b)
Start importing Assets/Materials/shad1.shader using Guid(1fe0c9f0724874d428666fe08f4dfa39) Importer(815301076,1909f56bfc062723c751e8b465ee728b)  -> (artifact id: '5244a25e42681defc86f70a8e4ae9978') in 0.006823 seconds
  Import took 0.010103 seconds .

========================================================================
Received Import Request.
  Time since last request: 9.423666 seconds.
  path: Assets/Materials/shad1.shader
  artifactKey: Guid(1fe0c9f0724874d428666fe08f4dfa39) Importer(815301076,1909f56bfc062723c751e8b465ee728b)
Start importing Assets/Materials/shad1.shader using Guid(1fe0c9f0724874d428666fe08f4dfa39) Importer(815301076,1909f56bfc062723c751e8b465ee728b)  -> (artifact id: '4988d83a4bd34d32d6db0bd71b43956e') in 0.006958 seconds
  Import took 0.010967 seconds .

========================================================================
Received Import Request.
  Time since last request: 17.290900 seconds.
  path: Assets/Materials/shad1.shader
  artifactKey: Guid(1fe0c9f0724874d428666fe08f4dfa39) Importer(815301076,1909f56bfc062723c751e8b465ee728b)
Start importing Assets/Materials/shad1.shader using Guid(1fe0c9f0724874d428666fe08f4dfa39) Importer(815301076,1909f56bfc062723c751e8b465ee728b)  -> (artifact id: '926bac88b5749002b10b6409d13f17f0') in 0.006229 seconds
  Import took 0.008835 seconds .

========================================================================
Received Import Request.
  Time since last request: 6.539934 seconds.
  path: Assets/Materials/shad1.shader
  artifactKey: Guid(1fe0c9f0724874d428666fe08f4dfa39) Importer(815301076,1909f56bfc062723c751e8b465ee728b)
Start importing Assets/Materials/shad1.shader using Guid(1fe0c9f0724874d428666fe08f4dfa39) Importer(815301076,1909f56bfc062723c751e8b465ee728b)  -> (artifact id: 'd427d8f500008cd568be0389435d656a') in 0.006229 seconds
  Import took 0.010044 seconds .

========================================================================
Received Import Request.
  Time since last request: 46.483344 seconds.
  path: Assets/Materials/shad1.shader
  artifactKey: Guid(1fe0c9f0724874d428666fe08f4dfa39) Importer(815301076,1909f56bfc062723c751e8b465ee728b)
Start importing Assets/Materials/shad1.shader using Guid(1fe0c9f0724874d428666fe08f4dfa39) Importer(815301076,1909f56bfc062723c751e8b465ee728b)  -> (artifact id: '6549b4d4ab61dc79dd39d67878c1175a') in 0.006692 seconds
  Import took 0.011314 seconds .

========================================================================
Received Prepare
Registering precompiled user dll's ...
Registered in 0.003257 seconds.
Begin MonoManager ReloadAssembly
Native extension for WindowsStandalone target not found
Refreshing native plugins compatible for Editor in 0.42 ms, found 9 plugins.
Preloading 0 native plugins for Editor in 0.00 ms.
Invoked RoslynAnalysisRunner static constructor.
RoslynAnalysisRunner will not be running.
RoslynAnalysisRunner has terminated.
Mono: successfully reloaded assembly
- Completed reload, in  1.126 seconds
Platform modules already initialized, skipping
Refreshing native plugins compatible for Editor in 0.43 ms, found 9 plugins.
Preloading 0 native plugins for Editor in 0.00 ms.
Unloading 1151 Unused Serialized files (Serialized files now loaded: 0)
System memory in use before: 74.3 MB.
System memory in use after: 74.3 MB.

Unloading 14 unused Assets to reduce memory usage. Loaded Objects now: 1620.
Total: 2.041400 ms (FindLiveObjects: 0.204900 ms CreateObjectMapping: 0.037600 ms MarkObjects: 1.697400 ms  DeleteObjects: 0.100000 ms)

========================================================================
Received Import Request.
  Time since last request: 329.693039 seconds.
  path: Assets/Materials/shad1.shader
  artifactKey: Guid(1fe0c9f0724874d428666fe08f4dfa39) Importer(815301076,1909f56bfc062723c751e8b465ee728b)
Start importing Assets/Materials/shad1.shader using Guid(1fe0c9f0724874d428666fe08f4dfa39) Importer(815301076,1909f56bfc062723c751e8b465ee728b)  -> (artifact id: '5989f183e0f086280f0bbe2f774f7442') in 0.025431 seconds
  Import took 0.030276 seconds .

========================================================================
Received Prepare
Registering precompiled user dll's ...
Registered in 0.003299 seconds.
Begin MonoManager ReloadAssembly
Native extension for WindowsStandalone target not found
Refreshing native plugins compatible for Editor in 0.48 ms, found 9 plugins.
Preloading 0 native plugins for Editor in 0.00 ms.
Invoked RoslynAnalysisRunner static constructor.
RoslynAnalysisRunner will not be running.
RoslynAnalysisRunner has terminated.
Mono: successfully reloaded assembly
- Completed reload, in  1.296 seconds
Platform modules already initialized, skipping
Refreshing native plugins compatible for Editor in 1.62 ms, found 9 plugins.
Preloading 0 native plugins for Editor in 0.00 ms.
Unloading 1151 Unused Serialized files (Serialized files now loaded: 0)
System memory in use before: 74.8 MB.
System memory in use after: 74.9 MB.

Unloading 14 unused Assets to reduce memory usage. Loaded Objects now: 1622.
Total: 4.133400 ms (FindLiveObjects: 0.337300 ms CreateObjectMapping: 0.088400 ms MarkObjects: 3.584300 ms  DeleteObjects: 0.120800 ms)

========================================================================
Received Prepare
Refreshing native plugins compatible for Editor in 7.59 ms, found 9 plugins.
Preloading 0 native plugins for Editor in 0.00 ms.
Unloading 12 Unused Serialized files (Serialized files now loaded: 0)
System memory in use before: 52.7 MB.
System memory in use after: 52.8 MB.

Unloading 12 unused Assets to reduce memory usage. Loaded Objects now: 1622.
Total: 3.654500 ms (FindLiveObjects: 0.455600 ms CreateObjectMapping: 0.155800 ms MarkObjects: 2.929500 ms  DeleteObjects: 0.111000 ms)

========================================================================
Received Prepare
Registering precompiled user dll's ...
Registered in 0.002831 seconds.
Begin MonoManager ReloadAssembly
Native extension for WindowsStandalone target not found
Refreshing native plugins compatible for Editor in 0.44 ms, found 9 plugins.
Preloading 0 native plugins for Editor in 0.00 ms.
Invoked RoslynAnalysisRunner static constructor.
RoslynAnalysisRunner will not be running.
RoslynAnalysisRunner has terminated.
Mono: successfully reloaded assembly
- Completed reload, in  1.270 seconds
Platform modules already initialized, skipping
Refreshing native plugins compatible for Editor in 0.45 ms, found 9 plugins.
Preloading 0 native plugins for Editor in 0.00 ms.
Unloading 1151 Unused Serialized files (Serialized files now loaded: 0)
System memory in use before: 75.0 MB.
System memory in use after: 75.0 MB.

Unloading 14 unused Assets to reduce memory usage. Loaded Objects now: 1624.
Total: 3.596500 ms (FindLiveObjects: 0.269400 ms CreateObjectMapping: 0.067200 ms MarkObjects: 3.106200 ms  DeleteObjects: 0.151700 ms)

========================================================================
Received Import Request.
  Time since last request: 4948.992015 seconds.
  path: Assets/Materials/mat.mat
  artifactKey: Guid(c2a004f415ebe2246871a3b4ac265706) Importer(815301076,1909f56bfc062723c751e8b465ee728b)
Start importing Assets/Materials/mat.mat using Guid(c2a004f415ebe2246871a3b4ac265706) Importer(815301076,1909f56bfc062723c751e8b465ee728b)  -> (artifact id: '641bd2f01bf784d244997c05e3159af7') in 0.221081 seconds
  Import took 0.225019 seconds .

