Using pre-set license
Built from '2020.2/release' branch; Version is '2020.2.2f1 (068178b99f32) revision 426360'; Using compiler version '192528614'; Build Type 'Release'
OS: 'Windows 10 Home; OS build 19041.928; Version 2004; 64bit' Language: 'en' Physical Memory: 7068 MB
BatchMode: 1, IsHumanControllingUs: 0, StartBugReporterOnCrash: 0, Is64bit: 1, IsPro: 0

 COMMAND LINE ARGUMENTS:
C:\Program Files\Unity\Hub\Editor\2020.2.2f1\Editor\Unity.exe
-adb2
-batchMode
-noUpm
-name
AssetImportWorker0
-projectPath
C:/Users/Stephane/Documents/GitHub/FluidSim
-logFile
Logs/AssetImportWorker0.log
-srvPort
49812
Successfully changed project path to: C:/Users/Stephane/Documents/GitHub/FluidSim
C:/Users/Stephane/Documents/GitHub/FluidSim
Using Asset Import Pipeline V2.
Refreshing native plugins compatible for Editor in 35.35 ms, found 9 plugins.
Preloading 0 native plugins for Editor in 0.00 ms.
Initialize engine version: 2020.2.2f1 (068178b99f32)
[Subsystems] Discovering subsystems at path C:/Program Files/Unity/Hub/Editor/2020.2.2f1/Editor/Data/Resources/UnitySubsystems
[Subsystems] Discovering subsystems at path C:/Users/Stephane/Documents/GitHub/FluidSim/Assets
GfxDevice: creating device client; threaded=0
Direct3D:
    Version:  Direct3D 11.0 [level 11.1]
    Renderer: AMD Radeon(TM) RX Vega 10 Graphics (ID=0x15dd)
    Vendor:   
    VRAM:     3534 MB
    Driver:   23.20.840.0
Initialize mono
Mono path[0] = 'C:/Program Files/Unity/Hub/Editor/2020.2.2f1/Editor/Data/Managed'
Mono path[1] = 'C:/Program Files/Unity/Hub/Editor/2020.2.2f1/Editor/Data/MonoBleedingEdge/lib/mono/unityjit'
Mono config path = 'C:/Program Files/Unity/Hub/Editor/2020.2.2f1/Editor/Data/MonoBleedingEdge/etc'
Using monoOptions --debugger-agent=transport=dt_socket,embedding=1,server=y,suspend=n,address=127.0.0.1:56168
Begin MonoManager ReloadAssembly
Registering precompiled unity dll's ...
Register platform support module: C:/Program Files/Unity/Hub/Editor/2020.2.2f1/Editor/Data/PlaybackEngines/WindowsStandaloneSupport/UnityEditor.WindowsStandalone.Extensions.dll
Registered in 0.002458 seconds.
Native extension for WindowsStandalone target not found
Refreshing native plugins compatible for Editor in 42.22 ms, found 9 plugins.
Preloading 0 native plugins for Editor in 0.00 ms.
Invoked RoslynAnalysisRunner static constructor.
RoslynAnalysisRunner will not be running.
RoslynAnalysisRunner has terminated.
Mono: successfully reloaded assembly
- Completed reload, in  2.873 seconds
Platform modules already initialized, skipping
Registering precompiled user dll's ...
Registered in 0.004209 seconds.
Begin MonoManager ReloadAssembly
Native extension for WindowsStandalone target not found
Refreshing native plugins compatible for Editor in 0.45 ms, found 9 plugins.
Preloading 0 native plugins for Editor in 0.00 ms.
Invoked RoslynAnalysisRunner static constructor.
RoslynAnalysisRunner will not be running.
RoslynAnalysisRunner has terminated.
Mono: successfully reloaded assembly
- Completed reload, in  1.476 seconds
Platform modules already initialized, skipping
========================================================================
Worker process is ready to serve import requests
Launched and connected shader compiler UnityShaderCompiler.exe after 0.08 seconds
Refreshing native plugins compatible for Editor in 0.42 ms, found 9 plugins.
Preloading 0 native plugins for Editor in 0.00 ms.
Unloading 1170 Unused Serialized files (Serialized files now loaded: 0)
System memory in use before: 75.1 MB.
System memory in use after: 75.1 MB.

Unloading 19 unused Assets to reduce memory usage. Loaded Objects now: 1618.
Total: 3.394300 ms (FindLiveObjects: 0.359100 ms CreateObjectMapping: 0.077000 ms MarkObjects: 2.775600 ms  DeleteObjects: 0.180000 ms)

========================================================================
Received Import Request.
  path: Assets/Materials/7it0y4sb.bmp
  artifactKey: Guid(838ef7c30f0577447a3128d8a8693061) Importer(815301076,1909f56bfc062723c751e8b465ee728b)
Start importing Assets/Materials/7it0y4sb.bmp using Guid(838ef7c30f0577447a3128d8a8693061) Importer(815301076,1909f56bfc062723c751e8b465ee728b)  -> (artifact id: 'e748bfefa7d9304b7fbb5c090ed436e0') in 0.173420 seconds
  Import took 0.176843 seconds .

========================================================================
Received Import Request.
  Time since last request: 1.562067 seconds.
  path: Assets/Materials/healthbar.bmp
  artifactKey: Guid(838ef7c30f0577447a3128d8a8693061) Importer(815301076,1909f56bfc062723c751e8b465ee728b)
Start importing Assets/Materials/healthbar.bmp using Guid(838ef7c30f0577447a3128d8a8693061) Importer(815301076,1909f56bfc062723c751e8b465ee728b)  -> (artifact id: 'be4a7bd6a9f971aad4028f9857158f88') in 0.016604 seconds
  Import took 0.019259 seconds .

========================================================================
Received Import Request.
  Time since last request: 166.056845 seconds.
  path: Assets/Materials/healthbar.bmp
  artifactKey: Guid(838ef7c30f0577447a3128d8a8693061) Importer(815301076,1909f56bfc062723c751e8b465ee728b)
Start importing Assets/Materials/healthbar.bmp using Guid(838ef7c30f0577447a3128d8a8693061) Importer(815301076,1909f56bfc062723c751e8b465ee728b)  -> (artifact id: '8c5027da17448f43b82b6cd2f5519e95') in 0.013807 seconds
  Import took 0.016854 seconds .

========================================================================
Received Import Request.
  Time since last request: 28.535000 seconds.
  path: Assets/Materials/PowerUp
  artifactKey: Guid(384ce6efd6d862b48a1b58316fa1c34b) Importer(815301076,1909f56bfc062723c751e8b465ee728b)
Start importing Assets/Materials/PowerUp using Guid(384ce6efd6d862b48a1b58316fa1c34b) Importer(815301076,1909f56bfc062723c751e8b465ee728b)  -> (artifact id: 'a9d53d84e867f11b2e6ee25ce99d451d') in 0.011055 seconds
  Import took 0.013861 seconds .

========================================================================
Received Import Request.
  Time since last request: 11.777692 seconds.
  path: Assets/Materials/healthbar
  artifactKey: Guid(cb47c72ec326a0e479562479b34ac54e) Importer(815301076,1909f56bfc062723c751e8b465ee728b)
Start importing Assets/Materials/healthbar using Guid(cb47c72ec326a0e479562479b34ac54e) Importer(815301076,1909f56bfc062723c751e8b465ee728b)  -> (artifact id: 'f0b037b387a59753d764a895d432f9f5') in 0.003924 seconds
  Import took 0.006856 seconds .

========================================================================
Received Import Request.
  Time since last request: 20.379151 seconds.
  path: Assets/Materials/healthbar/healthbar.shader
  artifactKey: Guid(42827d792caa1464f8f5556418bc6f12) Importer(815301076,1909f56bfc062723c751e8b465ee728b)
Start importing Assets/Materials/healthbar/healthbar.shader using Guid(42827d792caa1464f8f5556418bc6f12) Importer(815301076,1909f56bfc062723c751e8b465ee728b)  -> (artifact id: '11af056e1eca76c73785b8741c0551f0') in 0.012684 seconds
  Import took 0.016591 seconds .

========================================================================
Received Import Request.
  Time since last request: 0.001307 seconds.
  path: Assets/Materials/healthbar/healthbar.shader
  artifactKey: Guid(42827d792caa1464f8f5556418bc6f12) Importer(815301076,1909f56bfc062723c751e8b465ee728b)
Start importing Assets/Materials/healthbar/healthbar.shader using Guid(42827d792caa1464f8f5556418bc6f12) Importer(815301076,1909f56bfc062723c751e8b465ee728b)  -> (artifact id: '11af056e1eca76c73785b8741c0551f0') in 0.005798 seconds
  Import took 0.010174 seconds .

========================================================================
Received Import Request.
  Time since last request: 10.746821 seconds.
  path: Assets/Materials/healthbar/healthbar.mat
  artifactKey: Guid(428f8dfa07a59284dab75958bd3e4b1a) Importer(815301076,1909f56bfc062723c751e8b465ee728b)
Start importing Assets/Materials/healthbar/healthbar.mat using Guid(428f8dfa07a59284dab75958bd3e4b1a) Importer(815301076,1909f56bfc062723c751e8b465ee728b)  -> (artifact id: '6a1c0712ffa9e1edea210a80cdbd313a') in 0.132719 seconds
  Import took 0.136182 seconds .

========================================================================
Received Import Request.
  Time since last request: 117.274495 seconds.
  path: Assets/Materials/healthbar/healthbar.shader
  artifactKey: Guid(42827d792caa1464f8f5556418bc6f12) Importer(815301076,1909f56bfc062723c751e8b465ee728b)
Start importing Assets/Materials/healthbar/healthbar.shader using Guid(42827d792caa1464f8f5556418bc6f12) Importer(815301076,1909f56bfc062723c751e8b465ee728b)  -> (artifact id: '196ef687f649818890512f70aac0ec56') in 0.006565 seconds
  Import took 0.010921 seconds .

========================================================================
Received Import Request.
  Time since last request: 4.742597 seconds.
  path: Assets/Materials/PowerUp/shad1.shader
  artifactKey: Guid(1fe0c9f0724874d428666fe08f4dfa39) Importer(815301076,1909f56bfc062723c751e8b465ee728b)
Start importing Assets/Materials/PowerUp/shad1.shader using Guid(1fe0c9f0724874d428666fe08f4dfa39) Importer(815301076,1909f56bfc062723c751e8b465ee728b)  -> (artifact id: '7293b1d81c0b20bc0f1b2d782fb09524') in 0.011529 seconds
  Import took 0.015008 seconds .

========================================================================
Received Import Request.
  Time since last request: 365.774428 seconds.
  path: Assets/Materials/healthbar/healthbar.mat
  artifactKey: Guid(428f8dfa07a59284dab75958bd3e4b1a) Importer(815301076,1909f56bfc062723c751e8b465ee728b)
Start importing Assets/Materials/healthbar/healthbar.mat using Guid(428f8dfa07a59284dab75958bd3e4b1a) Importer(815301076,1909f56bfc062723c751e8b465ee728b)  -> (artifact id: '95c95edd432107caa4f505604ca35d49') in 0.029537 seconds
  Import took 0.035065 seconds .

========================================================================
Received Import Request.
  Time since last request: 3408.677372 seconds.
  path: Assets/Materials/healthbar/healthbar.mat
  artifactKey: Guid(428f8dfa07a59284dab75958bd3e4b1a) Importer(815301076,1909f56bfc062723c751e8b465ee728b)
Start importing Assets/Materials/healthbar/healthbar.mat using Guid(428f8dfa07a59284dab75958bd3e4b1a) Importer(815301076,1909f56bfc062723c751e8b465ee728b)  -> (artifact id: '9d9cac0d9a305ea7b665b2aa6f1f8760') in 0.022516 seconds
  Import took 0.025819 seconds .

========================================================================
Received Import Request.
  Time since last request: 2849.806139 seconds.
  path: Assets/Materials/healthbar/healthbar.bmp
  artifactKey: Guid(838ef7c30f0577447a3128d8a8693061) Importer(815301076,1909f56bfc062723c751e8b465ee728b)
Start importing Assets/Materials/healthbar/healthbar.bmp using Guid(838ef7c30f0577447a3128d8a8693061) Importer(815301076,1909f56bfc062723c751e8b465ee728b)  -> (artifact id: 'cd82505b84fe9a67ee2b13089914e42d') in 0.045296 seconds
  Import took 0.050383 seconds .

========================================================================
Received Import Request.
  Time since last request: 62.631047 seconds.
  path: Assets/Materials/healthbar/healthbar.mat
  artifactKey: Guid(428f8dfa07a59284dab75958bd3e4b1a) Importer(815301076,1909f56bfc062723c751e8b465ee728b)
Start importing Assets/Materials/healthbar/healthbar.mat using Guid(428f8dfa07a59284dab75958bd3e4b1a) Importer(815301076,1909f56bfc062723c751e8b465ee728b)  -> (artifact id: '2180d0543d08f765446a1d0668e33776') in 0.032777 seconds
  Import took 0.037643 seconds .

========================================================================
Received Import Request.
  Time since last request: 228.824956 seconds.
  path: Assets/Materials/healthbar/healthbar.mat
  artifactKey: Guid(428f8dfa07a59284dab75958bd3e4b1a) Importer(815301076,1909f56bfc062723c751e8b465ee728b)
Start importing Assets/Materials/healthbar/healthbar.mat using Guid(428f8dfa07a59284dab75958bd3e4b1a) Importer(815301076,1909f56bfc062723c751e8b465ee728b)  -> (artifact id: '108d589b1cdd20b5f982a7757f4be528') in 0.024498 seconds
  Import took 0.028861 seconds .

========================================================================
Received Import Request.
  Time since last request: 27.104452 seconds.
  path: Assets/Materials/healthbar/healthbar.mat
  artifactKey: Guid(428f8dfa07a59284dab75958bd3e4b1a) Importer(815301076,1909f56bfc062723c751e8b465ee728b)
Start importing Assets/Materials/healthbar/healthbar.mat using Guid(428f8dfa07a59284dab75958bd3e4b1a) Importer(815301076,1909f56bfc062723c751e8b465ee728b)  -> (artifact id: 'e72435a115867fe0d15bc87b50c187c9') in 0.022399 seconds
  Import took 0.026062 seconds .

========================================================================
Received Import Request.
  Time since last request: 308.012406 seconds.
  path: Assets/Materials/healthbar/healthbar.mat
  artifactKey: Guid(428f8dfa07a59284dab75958bd3e4b1a) Importer(815301076,1909f56bfc062723c751e8b465ee728b)
Start importing Assets/Materials/healthbar/healthbar.mat using Guid(428f8dfa07a59284dab75958bd3e4b1a) Importer(815301076,1909f56bfc062723c751e8b465ee728b)  -> (artifact id: '92575c940b6f3ee766f1c66489e89cab') in 0.026166 seconds
  Import took 0.031012 seconds .

========================================================================
Received Import Request.
  Time since last request: 159.266156 seconds.
  path: Assets/Materials/healthbar/healthbar.mat
  artifactKey: Guid(428f8dfa07a59284dab75958bd3e4b1a) Importer(815301076,1909f56bfc062723c751e8b465ee728b)
Start importing Assets/Materials/healthbar/healthbar.mat using Guid(428f8dfa07a59284dab75958bd3e4b1a) Importer(815301076,1909f56bfc062723c751e8b465ee728b)  -> (artifact id: '3361dadce5eafea8ef7c6c430c7d4b14') in 0.022752 seconds
  Import took 0.026971 seconds .

========================================================================
Received Prepare
Registering precompiled user dll's ...
Registered in 0.002419 seconds.
Begin MonoManager ReloadAssembly
Native extension for WindowsStandalone target not found
Refreshing native plugins compatible for Editor in 0.69 ms, found 9 plugins.
Preloading 0 native plugins for Editor in 0.00 ms.
Invoked RoslynAnalysisRunner static constructor.
RoslynAnalysisRunner will not be running.
RoslynAnalysisRunner has terminated.
Mono: successfully reloaded assembly
- Completed reload, in  1.362 seconds
Platform modules already initialized, skipping
Refreshing native plugins compatible for Editor in 0.58 ms, found 9 plugins.
Preloading 0 native plugins for Editor in 0.00 ms.
Unloading 1152 Unused Serialized files (Serialized files now loaded: 0)
System memory in use before: 77.8 MB.
System memory in use after: 77.9 MB.

Unloading 14 unused Assets to reduce memory usage. Loaded Objects now: 1663.
Total: 2.363700 ms (FindLiveObjects: 0.209400 ms CreateObjectMapping: 0.034100 ms MarkObjects: 2.016000 ms  DeleteObjects: 0.102600 ms)

========================================================================
Received Import Request.
  Time since last request: 1400.994510 seconds.
  path: Assets/Materials/healthbar/healthbar.mat
  artifactKey: Guid(428f8dfa07a59284dab75958bd3e4b1a) Importer(815301076,1909f56bfc062723c751e8b465ee728b)
Start importing Assets/Materials/healthbar/healthbar.mat using Guid(428f8dfa07a59284dab75958bd3e4b1a) Importer(815301076,1909f56bfc062723c751e8b465ee728b)  -> (artifact id: 'bc2a38d906fc1d93e173145ce69edaf3') in 0.111616 seconds
  Import took 0.115514 seconds .

AssetImportWorkerClient::OnTransportError - code=2 error=End of file
